<html>
<head>
<title>TestNG:  APIAutomation_TestCases</title>
<link href="../testng.css" rel="stylesheet" type="text/css" />
<link href="../my-testng.css" rel="stylesheet" type="text/css" />

<style type="text/css">
.log { display: none;} 
.stack-trace { display: none;} 
</style>
<script type="text/javascript">
<!--
function flip(e) {
  current = e.style.display;
  if (current == 'block') {
    e.style.display = 'none';
    return 0;
  }
  else {
    e.style.display = 'block';
    return 1;
  }
}

function toggleBox(szDivId, elem, msg1, msg2)
{
  var res = -1;  if (document.getElementById) {
    res = flip(document.getElementById(szDivId));
  }
  else if (document.all) {
    // this is the way old msie versions work
    res = flip(document.all[szDivId]);
  }
  if(elem) {
    if(res == 0) elem.innerHTML = msg1; else elem.innerHTML = msg2;
  }

}

function toggleAllBoxes() {
  if (document.getElementsByTagName) {
    d = document.getElementsByTagName('div');
    for (i = 0; i < d.length; i++) {
      if (d[i].className == 'log') {
        flip(d[i]);
      }
    }
  }
}

// -->
</script>

</head>
<body>
<h2 align='center'>APIAutomation_TestCases</h2><table border='1' align="center">
<tr>
<td>Tests passed/Failed/Skipped:</td><td>31/1/0</td>
</tr><tr>
<td>Started on:</td><td>Thu Mar 19 17:58:15 IST 2020</td>
</tr>
<tr><td>Total time:</td><td>42 seconds (42631 ms)</td>
</tr><tr>
<td>Included groups:</td><td></td>
</tr><tr>
<td>Excluded groups:</td><td></td>
</tr>
</table><p/>
<small><i>(Hover the method name to see the test class name)</i></small><p/>
<table width='100%' border='1' class='invocation-failed'>
<tr><td colspan='4' align='center'><b>FAILED TESTS</b></td></tr>
<tr><td><b>Test method</b></td>
<td width="30%"><b>Exception</b></td>
<td width="10%"><b>Time (seconds)</b></td>
<td><b>Instance</b></td>
</tr>
<tr>
<td title='apiHappyPathTest.JenkinsTransactionStore_HappyPathTest.updateCatalog_HappyPath()'><b>updateCatalog_HappyPath</b><br>Test class: apiHappyPathTest.JenkinsTransactionStore_HappyPathTest</td>
<td><div><pre>java.lang.AssertionError: 1 expectation failed.
Expected status code &lt;200&gt; but was &lt;500&gt;.

	at org.codehaus.groovy.runtime.callsite.ConstructorSite$ConstructorSiteNoUnwrap.callConstructor(ConstructorSite.java:84)
	at org.codehaus.groovy.runtime.callsite.CallSiteArray.defaultCallConstructor(CallSiteArray.java:59)
	at org.codehaus.groovy.runtime.callsite.AbstractCallSite.callConstructor(AbstractCallSite.java:237)
	at org.codehaus.groovy.runtime.callsite.AbstractCallSite.callConstructor(AbstractCallSite.java:249)
	at io.restassured.internal.ResponseSpecificationImpl$HamcrestAssertionClosure.validate(ResponseSpecificationImpl.groovy:493)
	at io.restassured.internal.ResponseSpecificationImpl$HamcrestAssertionClosure$validate$1.call(Unknown Source)
	at io.restassured.internal.ResponseSpecificationImpl.validateResponseIfRequired(ResponseSpecificationImpl.groovy:674)
	at org.codehaus.groovy.runtime.callsite.PlainObjectMetaMethodSite.doInvoke(PlainObjectMetaMethodSite.java:43)
	at org.codehaus.groovy.runtime.callsite.PogoMetaMethodSite$PogoCachedMethodSiteNoUnwrapNoCoerce.invoke(PogoMetaMethodSite.java:190)
	at org.codehaus.groovy.runtime.callsite.PogoMetaMethodSite.callCurrent(PogoMetaMethodSite.java:58)
	at org.codehaus.groovy.runtime.callsite.AbstractCallSite.callCurrent(AbstractCallSite.java:168)
	at io.restassured.internal.ResponseSpecificationImpl.statusCode(ResponseSpecificationImpl.groovy:126)
	at io.restassured.specification.ResponseSpecification$statusCode$0.callCurrent(Unknown Source)
	at io.restassured.internal.ResponseSpecificationImpl.statusCode(ResponseSpecificationImpl.groovy:134)
	at io.restassured.internal.ValidatableResponseOptionsImpl.statusCode(ValidatableResponseOptionsImpl.java:89)
	at io.restassured.internal.ValidatableResponseImpl.super$2$statusCode(ValidatableResponseImpl.groovy)
	at groovy.lang.MetaMethod.doMethodInvoke(MetaMethod.java:323)
	at groovy.lang.MetaClassImpl.invokeMethod(MetaClassImpl.java:1217)
	at org.codehaus.groovy.runtime.ScriptBytecodeAdapter.invokeMethodOnSuperN(ScriptBytecodeAdapter.java:144)
	at io.restassured.internal.ValidatableResponseImpl.statusCode(ValidatableResponseImpl.groovy:142)
	at io.restassured.internal.ValidatableResponseImpl.statusCode(ValidatableResponseImpl.groovy)
	at utilities.ValidateResponse.validateStatusCodeOK(ValidateResponse.java:24)
	at apiHappyPathTest.JenkinsTransactionStore_HappyPathTest.updateCatalog_HappyPath(JenkinsTransactionStore_HappyPathTest.java:71)
	at java.base/java.util.ArrayList.forEach(ArrayList.java:1507)
... Removed 43 stack frames</pre></div><a href='#' onClick='toggleBox("stack-trace909278444", this, "Click to show all stack frames", "Click to hide stack frames")'>Click to show all stack frames</a>
<div class='stack-trace' id='stack-trace909278444'><pre>java.lang.AssertionError: 1 expectation failed.
Expected status code &lt;200&gt; but was &lt;500&gt;.

	at java.base/jdk.internal.reflect.NativeConstructorAccessorImpl.newInstance0(Native Method)
	at java.base/jdk.internal.reflect.NativeConstructorAccessorImpl.newInstance(NativeConstructorAccessorImpl.java:62)
	at java.base/jdk.internal.reflect.DelegatingConstructorAccessorImpl.newInstance(DelegatingConstructorAccessorImpl.java:45)
	at java.base/java.lang.reflect.Constructor.newInstanceWithCaller(Constructor.java:500)
	at java.base/java.lang.reflect.Constructor.newInstance(Constructor.java:481)
	at org.codehaus.groovy.reflection.CachedConstructor.invoke(CachedConstructor.java:80)
	at org.codehaus.groovy.reflection.CachedConstructor.doConstructorInvoke(CachedConstructor.java:74)
	at org.codehaus.groovy.runtime.callsite.ConstructorSite$ConstructorSiteNoUnwrap.callConstructor(ConstructorSite.java:84)
	at org.codehaus.groovy.runtime.callsite.CallSiteArray.defaultCallConstructor(CallSiteArray.java:59)
	at org.codehaus.groovy.runtime.callsite.AbstractCallSite.callConstructor(AbstractCallSite.java:237)
	at org.codehaus.groovy.runtime.callsite.AbstractCallSite.callConstructor(AbstractCallSite.java:249)
	at io.restassured.internal.ResponseSpecificationImpl$HamcrestAssertionClosure.validate(ResponseSpecificationImpl.groovy:493)
	at io.restassured.internal.ResponseSpecificationImpl$HamcrestAssertionClosure$validate$1.call(Unknown Source)
	at io.restassured.internal.ResponseSpecificationImpl.validateResponseIfRequired(ResponseSpecificationImpl.groovy:674)
	at java.base/jdk.internal.reflect.NativeMethodAccessorImpl.invoke0(Native Method)
	at java.base/jdk.internal.reflect.NativeMethodAccessorImpl.invoke(NativeMethodAccessorImpl.java:62)
	at java.base/jdk.internal.reflect.DelegatingMethodAccessorImpl.invoke(DelegatingMethodAccessorImpl.java:43)
	at java.base/java.lang.reflect.Method.invoke(Method.java:567)
	at org.codehaus.groovy.runtime.callsite.PlainObjectMetaMethodSite.doInvoke(PlainObjectMetaMethodSite.java:43)
	at org.codehaus.groovy.runtime.callsite.PogoMetaMethodSite$PogoCachedMethodSiteNoUnwrapNoCoerce.invoke(PogoMetaMethodSite.java:190)
	at org.codehaus.groovy.runtime.callsite.PogoMetaMethodSite.callCurrent(PogoMetaMethodSite.java:58)
	at org.codehaus.groovy.runtime.callsite.AbstractCallSite.callCurrent(AbstractCallSite.java:168)
	at io.restassured.internal.ResponseSpecificationImpl.statusCode(ResponseSpecificationImpl.groovy:126)
	at io.restassured.specification.ResponseSpecification$statusCode$0.callCurrent(Unknown Source)
	at io.restassured.internal.ResponseSpecificationImpl.statusCode(ResponseSpecificationImpl.groovy:134)
	at io.restassured.internal.ValidatableResponseOptionsImpl.statusCode(ValidatableResponseOptionsImpl.java:89)
	at io.restassured.internal.ValidatableResponseImpl.super$2$statusCode(ValidatableResponseImpl.groovy)
	at java.base/jdk.internal.reflect.NativeMethodAccessorImpl.invoke0(Native Method)
	at java.base/jdk.internal.reflect.NativeMethodAccessorImpl.invoke(NativeMethodAccessorImpl.java:62)
	at java.base/jdk.internal.reflect.DelegatingMethodAccessorImpl.invoke(DelegatingMethodAccessorImpl.java:43)
	at java.base/java.lang.reflect.Method.invoke(Method.java:567)
	at org.codehaus.groovy.reflection.CachedMethod.invoke(CachedMethod.java:101)
	at groovy.lang.MetaMethod.doMethodInvoke(MetaMethod.java:323)
	at groovy.lang.MetaClassImpl.invokeMethod(MetaClassImpl.java:1217)
	at org.codehaus.groovy.runtime.ScriptBytecodeAdapter.invokeMethodOnSuperN(ScriptBytecodeAdapter.java:144)
	at io.restassured.internal.ValidatableResponseImpl.statusCode(ValidatableResponseImpl.groovy:142)
	at io.restassured.internal.ValidatableResponseImpl.statusCode(ValidatableResponseImpl.groovy)
	at utilities.ValidateResponse.validateStatusCodeOK(ValidateResponse.java:24)
	at apiHappyPathTest.JenkinsTransactionStore_HappyPathTest.updateCatalog_HappyPath(JenkinsTransactionStore_HappyPathTest.java:71)
	at java.base/jdk.internal.reflect.NativeMethodAccessorImpl.invoke0(Native Method)
	at java.base/jdk.internal.reflect.NativeMethodAccessorImpl.invoke(NativeMethodAccessorImpl.java:62)
	at java.base/jdk.internal.reflect.DelegatingMethodAccessorImpl.invoke(DelegatingMethodAccessorImpl.java:43)
	at java.base/java.lang.reflect.Method.invoke(Method.java:567)
	at org.testng.internal.MethodInvocationHelper.invokeMethod(MethodInvocationHelper.java:133)
	at org.testng.internal.TestInvoker.invokeMethod(TestInvoker.java:584)
	at org.testng.internal.TestInvoker.invokeTestMethod(TestInvoker.java:172)
	at org.testng.internal.MethodRunner.runInSequence(MethodRunner.java:46)
	at org.testng.internal.TestInvoker$MethodInvocationAgent.invoke(TestInvoker.java:804)
	at org.testng.internal.TestInvoker.invokeTestMethods(TestInvoker.java:145)
	at org.testng.internal.TestMethodWorker.invokeTestMethods(TestMethodWorker.java:146)
	at org.testng.internal.TestMethodWorker.run(TestMethodWorker.java:128)
	at java.base/java.util.ArrayList.forEach(ArrayList.java:1507)
	at org.testng.TestRunner.privateRun(TestRunner.java:770)
	at org.testng.TestRunner.run(TestRunner.java:591)
	at org.testng.SuiteRunner.runTest(SuiteRunner.java:402)
	at org.testng.SuiteRunner.runSequentially(SuiteRunner.java:396)
	at org.testng.SuiteRunner.privateRun(SuiteRunner.java:355)
	at org.testng.SuiteRunner.run(SuiteRunner.java:304)
	at org.testng.SuiteRunnerWorker.runSuite(SuiteRunnerWorker.java:53)
	at org.testng.SuiteRunnerWorker.run(SuiteRunnerWorker.java:96)
	at org.testng.TestNG.runSuitesSequentially(TestNG.java:1180)
	at org.testng.TestNG.runSuitesLocally(TestNG.java:1102)
	at org.testng.TestNG.runSuites(TestNG.java:1032)
	at org.testng.TestNG.run(TestNG.java:1000)
	at org.testng.remote.AbstractRemoteTestNG.run(AbstractRemoteTestNG.java:115)
	at org.testng.remote.RemoteTestNG.initAndRun(RemoteTestNG.java:251)
	at org.testng.remote.RemoteTestNG.main(RemoteTestNG.java:77)
</pre></div></td>
<td>1</td>
<td>apiHappyPathTest.JenkinsTransactionStore_HappyPathTest@64cd705f</td></tr>
</table><p>
<table width='100%' border='1' class='invocation-passed'>
<tr><td colspan='4' align='center'><b>PASSED TESTS</b></td></tr>
<tr><td><b>Test method</b></td>
<td width="30%"><b>Exception</b></td>
<td width="10%"><b>Time (seconds)</b></td>
<td><b>Instance</b></td>
</tr>
<tr>
<td title='apiHappyPathTest.JenkinsTransactionStore_HappyPathTest.cancelAJenkinsTransaction_HappyPath()'><b>cancelAJenkinsTransaction_HappyPath</b><br>Test class: apiHappyPathTest.JenkinsTransactionStore_HappyPathTest</td>
<td></td>
<td>2</td>
<td>apiHappyPathTest.JenkinsTransactionStore_HappyPathTest@64cd705f</td></tr>
<tr>
<td title='apiInvalidTest.JenkinsTransactionStore_InvalidTest.cancelAJenkinsTransaction_invalidTest()'><b>cancelAJenkinsTransaction_invalidTest</b><br>Test class: apiInvalidTest.JenkinsTransactionStore_InvalidTest</td>
<td></td>
<td>0</td>
<td>apiInvalidTest.JenkinsTransactionStore_InvalidTest@6a400542</td></tr>
<tr>
<td title='apiHappyPathTest.ServiceProvisioning_HappyPathTest.createHearingSheets_HappyPath()'><b>createHearingSheets_HappyPath</b><br>Test class: apiHappyPathTest.ServiceProvisioning_HappyPathTest</td>
<td></td>
<td>1</td>
<td>apiHappyPathTest.ServiceProvisioning_HappyPathTest@654f0d9c</td></tr>
<tr>
<td title='apiHappyPathTest.ServiceProvisioning_HappyPathTest.createServerRequest_HappyPath()'><b>createServerRequest_HappyPath</b><br>Test class: apiHappyPathTest.ServiceProvisioning_HappyPathTest</td>
<td></td>
<td>0</td>
<td>apiHappyPathTest.ServiceProvisioning_HappyPathTest@654f0d9c</td></tr>
<tr>
<td title='apiHappyPathTest.JenkinsTransactionStore_HappyPathTest.deleteAJenkinsTransaction_HappyPath()'><b>deleteAJenkinsTransaction_HappyPath</b><br>Test class: apiHappyPathTest.JenkinsTransactionStore_HappyPathTest</td>
<td></td>
<td>1</td>
<td>apiHappyPathTest.JenkinsTransactionStore_HappyPathTest@64cd705f</td></tr>
<tr>
<td title='apiInvalidTest.JenkinsTransactionStore_InvalidTest.deleteAJenkinsTransaction_invalidTest()'><b>deleteAJenkinsTransaction_invalidTest</b><br>Test class: apiInvalidTest.JenkinsTransactionStore_InvalidTest</td>
<td></td>
<td>0</td>
<td>apiInvalidTest.JenkinsTransactionStore_InvalidTest@6a400542</td></tr>
<tr>
<td title='apiHappyPathTest.StaticPage_HappyPathTest.deleteCustomScriptData_HappyPath()'><b>deleteCustomScriptData_HappyPath</b><br>Test class: apiHappyPathTest.StaticPage_HappyPathTest</td>
<td></td>
<td>1</td>
<td>apiHappyPathTest.StaticPage_HappyPathTest@9225652</td></tr>
<tr>
<td title='apiHappyPathTest.ServiceProvisioning_HappyPathTest.deleteaHearingSheet_HappyPath()'><b>deleteaHearingSheet_HappyPath</b><br>Test class: apiHappyPathTest.ServiceProvisioning_HappyPathTest</td>
<td></td>
<td>0</td>
<td>apiHappyPathTest.ServiceProvisioning_HappyPathTest@654f0d9c</td></tr>
<tr>
<td title='apiHappyPathTest.StaticPage_HappyPathTest.editCustomScriptData_HappyPath()'><b>editCustomScriptData_HappyPath</b><br>Test class: apiHappyPathTest.StaticPage_HappyPathTest</td>
<td></td>
<td>0</td>
<td>apiHappyPathTest.StaticPage_HappyPathTest@9225652</td></tr>
<tr>
<td title='apiHappyPathTest.JenkinsTransactionStore_HappyPathTest.findAJenkinsTransaction_withbuilIdQueryParamter_HappyPath()'><b>findAJenkinsTransaction_withbuilIdQueryParamter_HappyPath</b><br>Test class: apiHappyPathTest.JenkinsTransactionStore_HappyPathTest</td>
<td></td>
<td>0</td>
<td>apiHappyPathTest.JenkinsTransactionStore_HappyPathTest@64cd705f</td></tr>
<tr>
<td title='apiInvalidTest.JenkinsTransactionStore_InvalidTest.findAJenkinsTransaction_withbuilIdQueryParamter_InvalidTest()'><b>findAJenkinsTransaction_withbuilIdQueryParamter_InvalidTest</b><br>Test class: apiInvalidTest.JenkinsTransactionStore_InvalidTest</td>
<td></td>
<td>0</td>
<td>apiInvalidTest.JenkinsTransactionStore_InvalidTest@6a400542</td></tr>
<tr>
<td title='apiHappyPathTest.JenkinsTransactionStore_HappyPathTest.findAJenkinsTransaction_withqueueIdQueryParamter_HappyPath()'><b>findAJenkinsTransaction_withqueueIdQueryParamter_HappyPath</b><br>Test class: apiHappyPathTest.JenkinsTransactionStore_HappyPathTest</td>
<td></td>
<td>0</td>
<td>apiHappyPathTest.JenkinsTransactionStore_HappyPathTest@64cd705f</td></tr>
<tr>
<td title='apiInvalidTest.JenkinsTransactionStore_InvalidTest.findAJenkinsTransaction_withqueueIdQueryParamter_Invalidtest()'><b>findAJenkinsTransaction_withqueueIdQueryParamter_Invalidtest</b><br>Test class: apiInvalidTest.JenkinsTransactionStore_InvalidTest</td>
<td></td>
<td>0</td>
<td>apiInvalidTest.JenkinsTransactionStore_InvalidTest@6a400542</td></tr>
<tr>
<td title='apiHappyPathTest.ServiceProvisioning_HappyPathTest.getAHearingSheet_HappyPath()'><b>getAHearingSheet_HappyPath</b><br>Test class: apiHappyPathTest.ServiceProvisioning_HappyPathTest</td>
<td></td>
<td>4</td>
<td>apiHappyPathTest.ServiceProvisioning_HappyPathTest@654f0d9c</td></tr>
<tr>
<td title='apiHappyPathTest.JenkinsTransactionStore_HappyPathTest.getAllCancelledScheduledJobs_HappyPathTest()'><b>getAllCancelledScheduledJobs_HappyPathTest</b><br>Test class: apiHappyPathTest.JenkinsTransactionStore_HappyPathTest</td>
<td></td>
<td>0</td>
<td>apiHappyPathTest.JenkinsTransactionStore_HappyPathTest@64cd705f</td></tr>
<tr>
<td title='apiHappyPathTest.StaticPage_HappyPathTest.getAllCustomScriptDataDetails_HappyPath()'><b>getAllCustomScriptDataDetails_HappyPath</b><br>Test class: apiHappyPathTest.StaticPage_HappyPathTest</td>
<td></td>
<td>0</td>
<td>apiHappyPathTest.StaticPage_HappyPathTest@9225652</td></tr>
<tr>
<td title='apiHappyPathTest.ServiceProvisioning_HappyPathTest.getAllHearingSheets_HappyPath()'><b>getAllHearingSheets_HappyPath</b><br>Test class: apiHappyPathTest.ServiceProvisioning_HappyPathTest</td>
<td></td>
<td>6</td>
<td>apiHappyPathTest.ServiceProvisioning_HappyPathTest@654f0d9c</td></tr>
<tr>
<td title='apiHappyPathTest.JenkinsTransactionStore_HappyPathTest.getAllJenkinsTransaction_HappyPath()'><b>getAllJenkinsTransaction_HappyPath</b><br>Test class: apiHappyPathTest.JenkinsTransactionStore_HappyPathTest</td>
<td></td>
<td>0</td>
<td>apiHappyPathTest.JenkinsTransactionStore_HappyPathTest@64cd705f</td></tr>
<tr>
<td title='apiHappyPathTest.JenkinsTransactionStore_HappyPathTest.getAllPendingScheduledJobs_HappyPathTest()'><b>getAllPendingScheduledJobs_HappyPathTest</b><br>Test class: apiHappyPathTest.JenkinsTransactionStore_HappyPathTest</td>
<td></td>
<td>0</td>
<td>apiHappyPathTest.JenkinsTransactionStore_HappyPathTest@64cd705f</td></tr>
<tr>
<td title='apiHappyPathTest.JenkinsTransactionStore_HappyPathTest.getAllUpdatedScheduledJobs_HappyPathTest()'><b>getAllUpdatedScheduledJobs_HappyPathTest</b><br>Test class: apiHappyPathTest.JenkinsTransactionStore_HappyPathTest</td>
<td></td>
<td>0</td>
<td>apiHappyPathTest.JenkinsTransactionStore_HappyPathTest@64cd705f</td></tr>
<tr>
<td title='apiHappyPathTest.ServiceProvisioning_HappyPathTest.getOrderForHearingSheet_HappyPath()'><b>getOrderForHearingSheet_HappyPath</b><br>Test class: apiHappyPathTest.ServiceProvisioning_HappyPathTest</td>
<td></td>
<td>0</td>
<td>apiHappyPathTest.ServiceProvisioning_HappyPathTest@654f0d9c</td></tr>
<tr>
<td title='apiHappyPathTest.StaticPage_HappyPathTest.insertJCustomScriptData_HappyPath()'><b>insertJCustomScriptData_HappyPath</b><br>Test class: apiHappyPathTest.StaticPage_HappyPathTest</td>
<td></td>
<td>1</td>
<td>apiHappyPathTest.StaticPage_HappyPathTest@9225652</td></tr>
<tr>
<td title='apiInvalidTest.StaticPage_InvalidTest.insertJCustomScriptData_HappyPath()'><b>insertJCustomScriptData_HappyPath</b><br>Test class: apiInvalidTest.StaticPage_InvalidTest</td>
<td></td>
<td>0</td>
<td>apiInvalidTest.StaticPage_InvalidTest@6580cfdd</td></tr>
<tr>
<td title='apiHappyPathTest.JenkinsTransactionStore_HappyPathTest.insertJenkinsTransaction_HappyPath()'><b>insertJenkinsTransaction_HappyPath</b><br>Test class: apiHappyPathTest.JenkinsTransactionStore_HappyPathTest</td>
<td></td>
<td>2</td>
<td>apiHappyPathTest.JenkinsTransactionStore_HappyPathTest@64cd705f</td></tr>
<tr>
<td title='apiInvalidTest.JenkinsTransactionStore_InvalidTest.insertJenkinsTransaction_InvalidTest()'><b>insertJenkinsTransaction_InvalidTest</b><br>Test class: apiInvalidTest.JenkinsTransactionStore_InvalidTest</td>
<td></td>
<td>0</td>
<td>apiInvalidTest.JenkinsTransactionStore_InvalidTest@6a400542</td></tr>
<tr>
<td title='apiHappyPathTest.ServiceProvisioning_HappyPathTest.insertServerRequestFormToaHearingSheet_HappyPath()'><b>insertServerRequestFormToaHearingSheet_HappyPath</b><br>Test class: apiHappyPathTest.ServiceProvisioning_HappyPathTest</td>
<td></td>
<td>0</td>
<td>apiHappyPathTest.ServiceProvisioning_HappyPathTest@654f0d9c</td></tr>
<tr>
<td title='apiHappyPathTest.ServiceProvisioning_HappyPathTest.linkOrdertoHearingSheet_HappyPath()'><b>linkOrdertoHearingSheet_HappyPath</b><br>Test class: apiHappyPathTest.ServiceProvisioning_HappyPathTest</td>
<td></td>
<td>0</td>
<td>apiHappyPathTest.ServiceProvisioning_HappyPathTest@654f0d9c</td></tr>
<tr>
<td title='apiHappyPathTest.StaticPage_HappyPathTest.searchCustomScriptData_HappyPath()'><b>searchCustomScriptData_HappyPath</b><br>Test class: apiHappyPathTest.StaticPage_HappyPathTest</td>
<td></td>
<td>0</td>
<td>apiHappyPathTest.StaticPage_HappyPathTest@9225652</td></tr>
<tr>
<td title='apiHappyPathTest.ServiceProvisioning_HappyPathTest.searchHearingSheet_HappyPath()'><b>searchHearingSheet_HappyPath</b><br>Test class: apiHappyPathTest.ServiceProvisioning_HappyPathTest</td>
<td></td>
<td>1</td>
<td>apiHappyPathTest.ServiceProvisioning_HappyPathTest@654f0d9c</td></tr>
<tr>
<td title='apiInvalidTest.JenkinsTransactionStore_InvalidTest.updateCatalog_InvalidTest()'><b>updateCatalog_InvalidTest</b><br>Test class: apiInvalidTest.JenkinsTransactionStore_InvalidTest</td>
<td></td>
<td>0</td>
<td>apiInvalidTest.JenkinsTransactionStore_InvalidTest@6a400542</td></tr>
<tr>
<td title='apiHappyPathTest.ServiceProvisioning_HappyPathTest.updateServerRequestForm_HappyPath()'><b>updateServerRequestForm_HappyPath</b><br>Test class: apiHappyPathTest.ServiceProvisioning_HappyPathTest</td>
<td></td>
<td>0</td>
<td>apiHappyPathTest.ServiceProvisioning_HappyPathTest@654f0d9c</td></tr>
</table><p>
</body>
</html>