<?xml version="1.0" encoding="UTF-8"?>
<!-- Generated by org.testng.reporters.JUnitXMLReporter -->
<testsuite ignored="8" hostname="NLPULTP4603913" failures="1" tests="32" name="APIAutomation_TestCases" time="42.631" errors="0" timestamp="2020-03-19T17:58:57 IST">
  <testcase classname="apiHappyPathTest.JenkinsTransactionStore_HappyPathTest" name="insertJenkinsTransaction_HappyPath" time="2.751"/>
  <testcase classname="apiHappyPathTest.JenkinsTransactionStore_HappyPathTest" name="getAllJenkinsTransaction_HappyPath" time="0.866"/>
  <testcase classname="apiHappyPathTest.JenkinsTransactionStore_HappyPathTest" name="findAJenkinsTransaction_withbuilIdQueryParamter_HappyPath" time="0.91"/>
  <testcase classname="apiHappyPathTest.JenkinsTransactionStore_HappyPathTest" name="findAJenkinsTransaction_withqueueIdQueryParamter_HappyPath" time="0.916"/>
  <testcase classname="apiHappyPathTest.JenkinsTransactionStore_HappyPathTest" name="updateCatalog_HappyPath" time="1.671">
    <failure type="java.lang.AssertionError" message="1 expectation failed.
Expected status code &amp;lt;200&amp;gt; but was &amp;lt;500&amp;gt;.
">
      <![CDATA[java.lang.AssertionError: 1 expectation failed.
Expected status code <200> but was <500>.

at org.codehaus.groovy.runtime.callsite.ConstructorSite$ConstructorSiteNoUnwrap.callConstructor(ConstructorSite.java:84)
at org.codehaus.groovy.runtime.callsite.CallSiteArray.defaultCallConstructor(CallSiteArray.java:59)
at org.codehaus.groovy.runtime.callsite.AbstractCallSite.callConstructor(AbstractCallSite.java:237)
at org.codehaus.groovy.runtime.callsite.AbstractCallSite.callConstructor(AbstractCallSite.java:249)
at io.restassured.internal.ResponseSpecificationImpl$HamcrestAssertionClosure.validate(ResponseSpecificationImpl.groovy:493)
at io.restassured.internal.ResponseSpecificationImpl$HamcrestAssertionClosure$validate$1.call(Unknown Source)
at io.restassured.internal.ResponseSpecificationImpl.validateResponseIfRequired(ResponseSpecificationImpl.groovy:674)
at org.codehaus.groovy.runtime.callsite.PlainObjectMetaMethodSite.doInvoke(PlainObjectMetaMethodSite.java:43)
at org.codehaus.groovy.runtime.callsite.PogoMetaMethodSite$PogoCachedMethodSiteNoUnwrapNoCoerce.invoke(PogoMetaMethodSite.java:190)
at org.codehaus.groovy.runtime.callsite.PogoMetaMethodSite.callCurrent(PogoMetaMethodSite.java:58)
at org.codehaus.groovy.runtime.callsite.AbstractCallSite.callCurrent(AbstractCallSite.java:168)
at io.restassured.internal.ResponseSpecificationImpl.statusCode(ResponseSpecificationImpl.groovy:126)
at io.restassured.specification.ResponseSpecification$statusCode$0.callCurrent(Unknown Source)
at io.restassured.internal.ResponseSpecificationImpl.statusCode(ResponseSpecificationImpl.groovy:134)
at io.restassured.internal.ValidatableResponseOptionsImpl.statusCode(ValidatableResponseOptionsImpl.java:89)
at io.restassured.internal.ValidatableResponseImpl.super$2$statusCode(ValidatableResponseImpl.groovy)
at groovy.lang.MetaMethod.doMethodInvoke(MetaMethod.java:323)
at groovy.lang.MetaClassImpl.invokeMethod(MetaClassImpl.java:1217)
at org.codehaus.groovy.runtime.ScriptBytecodeAdapter.invokeMethodOnSuperN(ScriptBytecodeAdapter.java:144)
at io.restassured.internal.ValidatableResponseImpl.statusCode(ValidatableResponseImpl.groovy:142)
at io.restassured.internal.ValidatableResponseImpl.statusCode(ValidatableResponseImpl.groovy)
at utilities.ValidateResponse.validateStatusCodeOK(ValidateResponse.java:24)
at apiHappyPathTest.JenkinsTransactionStore_HappyPathTest.updateCatalog_HappyPath(JenkinsTransactionStore_HappyPathTest.java:71)
at java.base/java.util.ArrayList.forEach(ArrayList.java:1507)
... Removed 43 stack frames]]>
    </failure>
  </testcase> <!-- updateCatalog_HappyPath -->
  <testcase classname="apiHappyPathTest.JenkinsTransactionStore_HappyPathTest" name="getAllPendingScheduledJobs_HappyPathTest" time="0.769"/>
  <testcase classname="apiHappyPathTest.JenkinsTransactionStore_HappyPathTest" name="getAllUpdatedScheduledJobs_HappyPathTest" time="0.796"/>
  <testcase classname="apiHappyPathTest.JenkinsTransactionStore_HappyPathTest" name="getAllCancelledScheduledJobs_HappyPathTest" time="0.848"/>
  <testcase classname="apiHappyPathTest.JenkinsTransactionStore_HappyPathTest" name="cancelAJenkinsTransaction_HappyPath" time="2.554"/>
  <testcase classname="apiHappyPathTest.JenkinsTransactionStore_HappyPathTest" name="deleteAJenkinsTransaction_HappyPath" time="1.977"/>
  <testcase classname="apiHappyPathTest.StaticPage_HappyPathTest" name="insertJCustomScriptData_HappyPath" time="1.611"/>
  <testcase classname="apiHappyPathTest.StaticPage_HappyPathTest" name="getAllCustomScriptDataDetails_HappyPath" time="0.598"/>
  <testcase classname="apiHappyPathTest.StaticPage_HappyPathTest" name="searchCustomScriptData_HappyPath" time="0.563"/>
  <testcase classname="apiHappyPathTest.StaticPage_HappyPathTest" name="editCustomScriptData_HappyPath" time="0.638"/>
  <testcase classname="apiHappyPathTest.StaticPage_HappyPathTest" name="deleteCustomScriptData_HappyPath" time="1.887"/>
  <testcase classname="apiHappyPathTest.ServiceProvisioning_HappyPathTest" name="createServerRequest_HappyPath" time="0.705"/>
  <testcase classname="apiHappyPathTest.ServiceProvisioning_HappyPathTest" name="createHearingSheets_HappyPath" time="1.51"/>
  <testcase classname="apiHappyPathTest.ServiceProvisioning_HappyPathTest" name="updateServerRequestForm_HappyPath" time="0.648"/>
  <testcase classname="apiHappyPathTest.ServiceProvisioning_HappyPathTest" name="insertServerRequestFormToaHearingSheet_HappyPath" time="0.777"/>
  <testcase classname="apiHappyPathTest.ServiceProvisioning_HappyPathTest" name="linkOrdertoHearingSheet_HappyPath" time="0.518"/>
  <testcase classname="apiHappyPathTest.ServiceProvisioning_HappyPathTest" name="getAllHearingSheets_HappyPath" time="6.69"/>
  <testcase classname="apiHappyPathTest.ServiceProvisioning_HappyPathTest" name="searchHearingSheet_HappyPath" time="1.49"/>
  <testcase classname="apiHappyPathTest.ServiceProvisioning_HappyPathTest" name="getAHearingSheet_HappyPath" time="4.404"/>
  <testcase classname="apiHappyPathTest.ServiceProvisioning_HappyPathTest" name="getOrderForHearingSheet_HappyPath" time="0.612"/>
  <testcase classname="apiHappyPathTest.ServiceProvisioning_HappyPathTest" name="deleteaHearingSheet_HappyPath" time="0.82"/>
  <testcase classname="apiInvalidTest.JenkinsTransactionStore_InvalidTest" name="findAJenkinsTransaction_withbuilIdQueryParamter_InvalidTest" time="0.708"/>
  <testcase classname="apiInvalidTest.JenkinsTransactionStore_InvalidTest" name="findAJenkinsTransaction_withqueueIdQueryParamter_Invalidtest" time="0.715"/>
  <testcase classname="apiInvalidTest.JenkinsTransactionStore_InvalidTest" name="insertJenkinsTransaction_InvalidTest" time="0.675"/>
  <testcase classname="apiInvalidTest.JenkinsTransactionStore_InvalidTest" name="updateCatalog_InvalidTest" time="0.75"/>
  <testcase classname="apiInvalidTest.JenkinsTransactionStore_InvalidTest" name="deleteAJenkinsTransaction_invalidTest" time="0.762"/>
  <testcase classname="apiInvalidTest.JenkinsTransactionStore_InvalidTest" name="cancelAJenkinsTransaction_invalidTest" time="0.69"/>
  <testcase classname="apiInvalidTest.StaticPage_InvalidTest" name="insertJCustomScriptData_HappyPath" time="0.431"/>
  <testcase classname="utilities.TestBase" name="@BeforeTest reportGeneration" time="0.0">
    <ignored/>
  </testcase> <!-- @BeforeTest reportGeneration -->
  <testcase classname="utilities.TestBase" name="@BeforeTest reportGeneration" time="0.0">
    <ignored/>
  </testcase> <!-- @BeforeTest reportGeneration -->
  <testcase classname="utilities.TestBase" name="@BeforeTest reportGeneration" time="0.0">
    <ignored/>
  </testcase> <!-- @BeforeTest reportGeneration -->
  <testcase classname="utilities.TestBase" name="@BeforeTest reportGeneration" time="0.0">
    <ignored/>
  </testcase> <!-- @BeforeTest reportGeneration -->
  <testcase classname="utilities.TestBase" name="@AfterSuite email" time="0.0">
    <ignored/>
  </testcase> <!-- @AfterSuite email -->
  <testcase classname="utilities.TestBase" name="@AfterSuite email" time="0.0">
    <ignored/>
  </testcase> <!-- @AfterSuite email -->
  <testcase classname="utilities.TestBase" name="@AfterSuite email" time="0.0">
    <ignored/>
  </testcase> <!-- @AfterSuite email -->
  <testcase classname="utilities.TestBase" name="@AfterSuite email" time="0.0">
    <ignored/>
  </testcase> <!-- @AfterSuite email -->
</testsuite> <!-- APIAutomation_TestCases -->
