<!DOCTYPE html>

<html>
  <head>
  <meta charset='utf-8'>
  <title>TestNG reports</title>

    <link type="text/css" href="testng-reports.css" rel="stylesheet" />
    <script type="text/javascript" src="jquery-1.7.1.min.js"></script>
    <script type="text/javascript" src="testng-reports.js"></script>
    <script type="text/javascript" src="https://www.google.com/jsapi"></script>
    <script type='text/javascript'>
      google.load('visualization', '1', {packages:['table']});
      google.setOnLoadCallback(drawTable);
      var suiteTableInitFunctions = new Array();
      var suiteTableData = new Array();
    </script>
    <!--
      <script type="text/javascript" src="jquery-ui/js/jquery-ui-1.8.16.custom.min.js"></script>
     -->
  </head>

  <body>
    <div class="top-banner-root">
      <span class="top-banner-title-font">Test results</span>
      <br/>
      <span class="top-banner-font-1">1 suite, 7 failed tests</span>
    </div> <!-- top-banner-root -->
    <div class="navigator-root">
      <div class="navigator-suite-header">
        <span>All suites</span>
        <a href="#" title="Collapse/expand all the suites" class="collapse-all-link">
          <img src="collapseall.gif" class="collapse-all-icon">
          </img> <!-- collapse-all-icon -->
        </a> <!-- collapse-all-link -->
      </div> <!-- navigator-suite-header -->
      <div class="suite">
        <div class="rounded-window">
          <div class="suite-header light-rounded-window-top">
            <a href="#" panel-name="suite-SMBC_APITesting_RegressionSuite" class="navigator-link">
              <span class="suite-name border-failed">SMBC_APITesting_RegressionSuite</span>
            </a> <!-- navigator-link -->
          </div> <!-- suite-header light-rounded-window-top -->
          <div class="navigator-suite-content">
            <div class="suite-section-title">
              <span>Info</span>
            </div> <!-- suite-section-title -->
            <div class="suite-section-content">
              <ul>
                <li>
                  <a href="#" panel-name="test-xml-SMBC_APITesting_RegressionSuite" class="navigator-link ">
                    <span>C:\Users\omkar.jadhav\Desktop\Omkar Backup\D Drive\DD\NAPL_DD_Fixed Capacity\APIAutomation\SMBCAPIAutomation\testng.xml</span>
                  </a> <!-- navigator-link  -->
                </li>
                <li>
                  <a href="#" panel-name="testlist-SMBC_APITesting_RegressionSuite" class="navigator-link ">
                    <span class="test-stats">1 test</span>
                  </a> <!-- navigator-link  -->
                </li>
                <li>
                  <a href="#" panel-name="group-SMBC_APITesting_RegressionSuite" class="navigator-link ">
                    <span>0 groups</span>
                  </a> <!-- navigator-link  -->
                </li>
                <li>
                  <a href="#" panel-name="times-SMBC_APITesting_RegressionSuite" class="navigator-link ">
                    <span>Times</span>
                  </a> <!-- navigator-link  -->
                </li>
                <li>
                  <a href="#" panel-name="reporter-SMBC_APITesting_RegressionSuite" class="navigator-link ">
                    <span>Reporter output</span>
                  </a> <!-- navigator-link  -->
                </li>
                <li>
                  <a href="#" panel-name="ignored-methods-SMBC_APITesting_RegressionSuite" class="navigator-link ">
                    <span>Ignored methods</span>
                  </a> <!-- navigator-link  -->
                </li>
                <li>
                  <a href="#" panel-name="chronological-SMBC_APITesting_RegressionSuite" class="navigator-link ">
                    <span>Chronological view</span>
                  </a> <!-- navigator-link  -->
                </li>
              </ul>
            </div> <!-- suite-section-content -->
            <div class="result-section">
              <div class="suite-section-title">
                <span>Results</span>
              </div> <!-- suite-section-title -->
              <div class="suite-section-content">
                <ul>
                  <li>
                    <span class="method-stats">10 methods, 7 failed,   3 passed</span>
                  </li>
                  <li>
                    <span class="method-list-title failed">Failed methods</span>
                    <span class="show-or-hide-methods failed">
                      <a href="#" panel-name="suite-SMBC_APITesting_RegressionSuite" class="hide-methods failed suite-SMBC_APITesting_RegressionSuite"> (hide)</a> <!-- hide-methods failed suite-SMBC_APITesting_RegressionSuite -->
                      <a href="#" panel-name="suite-SMBC_APITesting_RegressionSuite" class="show-methods failed suite-SMBC_APITesting_RegressionSuite"> (show)</a> <!-- show-methods failed suite-SMBC_APITesting_RegressionSuite -->
                    </span>
                    <div class="method-list-content failed suite-SMBC_APITesting_RegressionSuite">
                      <span>
                        <img src="failed.png" width="3%"/>
                        <a href="#" panel-name="suite-SMBC_APITesting_RegressionSuite" title="API_HappyPathTest.JenkinsTransactionStore_HappyPathTest" class="method navigator-link" hash-for-method="CancelAJenkinsTransaction_QueryParameterNotEmpty_HappyPath">CancelAJenkinsTransaction_QueryParameterNotEmpty_HappyPath</a> <!-- method navigator-link -->
                      </span>
                      <br/>
                      <span>
                        <img src="failed.png" width="3%"/>
                        <a href="#" panel-name="suite-SMBC_APITesting_RegressionSuite" title="API_InvalidTest.JenkinsTransactionStore_InvalidTest" class="method navigator-link" hash-for-method="FindAJenkinsTransaction_QueryParamterEmpty_InvalidTest">FindAJenkinsTransaction_QueryParamterEmpty_InvalidTest</a> <!-- method navigator-link -->
                      </span>
                      <br/>
                      <span>
                        <img src="failed.png" width="3%"/>
                        <a href="#" panel-name="suite-SMBC_APITesting_RegressionSuite" title="API_HappyPathTest.JenkinsTransactionStore_HappyPathTest" class="method navigator-link" hash-for-method="FindAJenkinsTransaction_QueryParamterNotEmpty_HappyPath">FindAJenkinsTransaction_QueryParamterNotEmpty_HappyPath</a> <!-- method navigator-link -->
                      </span>
                      <br/>
                      <span>
                        <img src="failed.png" width="3%"/>
                        <a href="#" panel-name="suite-SMBC_APITesting_RegressionSuite" title="API_HappyPathTest.JenkinsTransactionStore_HappyPathTest" class="method navigator-link" hash-for-method="GetAllCancelledScheduledJobs_HappyPathTest">GetAllCancelledScheduledJobs_HappyPathTest</a> <!-- method navigator-link -->
                      </span>
                      <br/>
                      <span>
                        <img src="failed.png" width="3%"/>
                        <a href="#" panel-name="suite-SMBC_APITesting_RegressionSuite" title="API_HappyPathTest.JenkinsTransactionStore_HappyPathTest" class="method navigator-link" hash-for-method="GetAllJenkinsTransaction_HappyPath">GetAllJenkinsTransaction_HappyPath</a> <!-- method navigator-link -->
                      </span>
                      <br/>
                      <span>
                        <img src="failed.png" width="3%"/>
                        <a href="#" panel-name="suite-SMBC_APITesting_RegressionSuite" title="API_HappyPathTest.JenkinsTransactionStore_HappyPathTest" class="method navigator-link" hash-for-method="InsertJenkinsTransaction_HappyPath">InsertJenkinsTransaction_HappyPath</a> <!-- method navigator-link -->
                      </span>
                      <br/>
                      <span>
                        <img src="failed.png" width="3%"/>
                        <a href="#" panel-name="suite-SMBC_APITesting_RegressionSuite" title="API_HappyPathTest.JenkinsTransactionStore_HappyPathTest" class="method navigator-link" hash-for-method="UpdateCatalog_HappyPath">UpdateCatalog_HappyPath</a> <!-- method navigator-link -->
                      </span>
                      <br/>
                    </div> <!-- method-list-content failed suite-SMBC_APITesting_RegressionSuite -->
                  </li>
                  <li>
                    <span class="method-list-title passed">Passed methods</span>
                    <span class="show-or-hide-methods passed">
                      <a href="#" panel-name="suite-SMBC_APITesting_RegressionSuite" class="hide-methods passed suite-SMBC_APITesting_RegressionSuite"> (hide)</a> <!-- hide-methods passed suite-SMBC_APITesting_RegressionSuite -->
                      <a href="#" panel-name="suite-SMBC_APITesting_RegressionSuite" class="show-methods passed suite-SMBC_APITesting_RegressionSuite"> (show)</a> <!-- show-methods passed suite-SMBC_APITesting_RegressionSuite -->
                    </span>
                    <div class="method-list-content passed suite-SMBC_APITesting_RegressionSuite">
                      <span>
                        <img src="passed.png" width="3%"/>
                        <a href="#" panel-name="suite-SMBC_APITesting_RegressionSuite" title="API_HappyPathTest.JenkinsTransactionStore_HappyPathTest" class="method navigator-link" hash-for-method="DeleteAJenkinsTransaction_QueryParameterNotEmpty_HappyPath">DeleteAJenkinsTransaction_QueryParameterNotEmpty_HappyPath</a> <!-- method navigator-link -->
                      </span>
                      <br/>
                      <span>
                        <img src="passed.png" width="3%"/>
                        <a href="#" panel-name="suite-SMBC_APITesting_RegressionSuite" title="API_HappyPathTest.JenkinsTransactionStore_HappyPathTest" class="method navigator-link" hash-for-method="GetAllPendingScheduledJobs_HappyPathTest">GetAllPendingScheduledJobs_HappyPathTest</a> <!-- method navigator-link -->
                      </span>
                      <br/>
                      <span>
                        <img src="passed.png" width="3%"/>
                        <a href="#" panel-name="suite-SMBC_APITesting_RegressionSuite" title="API_HappyPathTest.JenkinsTransactionStore_HappyPathTest" class="method navigator-link" hash-for-method="GeyAllUpdatedScheduledJobs_HappyPathTest">GeyAllUpdatedScheduledJobs_HappyPathTest</a> <!-- method navigator-link -->
                      </span>
                      <br/>
                    </div> <!-- method-list-content passed suite-SMBC_APITesting_RegressionSuite -->
                  </li>
                </ul>
              </div> <!-- suite-section-content -->
            </div> <!-- result-section -->
          </div> <!-- navigator-suite-content -->
        </div> <!-- rounded-window -->
      </div> <!-- suite -->
    </div> <!-- navigator-root -->
    <div class="wrapper">
      <div class="main-panel-root">
        <div panel-name="suite-SMBC_APITesting_RegressionSuite" class="panel SMBC_APITesting_RegressionSuite">
          <div class="suite-SMBC_APITesting_RegressionSuite-class-failed">
            <div class="main-panel-header rounded-window-top">
              <img src="failed.png"/>
              <span class="class-name">API_InvalidTest.JenkinsTransactionStore_InvalidTest</span>
            </div> <!-- main-panel-header rounded-window-top -->
            <div class="main-panel-content rounded-window-bottom">
              <div class="method">
                <div class="method-content">
                  <a name="FindAJenkinsTransaction_QueryParamterEmpty_InvalidTest">
                  </a> <!-- FindAJenkinsTransaction_QueryParamterEmpty_InvalidTest -->
                  <span class="method-name">FindAJenkinsTransaction_QueryParamterEmpty_InvalidTest</span>
                  <div class="stack-trace">java.lang.AssertionError: 1 expectation failed.
Expected status code &lt;400&gt; but was &lt;404&gt;.

	at org.codehaus.groovy.runtime.callsite.ConstructorSite$ConstructorSiteNoUnwrap.callConstructor(ConstructorSite.java:84)
	at org.codehaus.groovy.runtime.callsite.AbstractCallSite.callConstructor(AbstractCallSite.java:249)
	at io.restassured.internal.ResponseSpecificationImpl$HamcrestAssertionClosure.validate(ResponseSpecificationImpl.groovy:493)
	at io.restassured.internal.ResponseSpecificationImpl$HamcrestAssertionClosure$validate$1.call(Unknown Source)
	at io.restassured.internal.ResponseSpecificationImpl.validateResponseIfRequired(ResponseSpecificationImpl.groovy:674)
	at org.codehaus.groovy.runtime.callsite.PlainObjectMetaMethodSite.doInvoke(PlainObjectMetaMethodSite.java:43)
	at org.codehaus.groovy.runtime.callsite.PogoMetaMethodSite$PogoCachedMethodSiteNoUnwrapNoCoerce.invoke(PogoMetaMethodSite.java:190)
	at org.codehaus.groovy.runtime.callsite.PogoMetaMethodSite.callCurrent(PogoMetaMethodSite.java:58)
	at org.codehaus.groovy.runtime.callsite.AbstractCallSite.callCurrent(AbstractCallSite.java:168)
	at io.restassured.internal.ResponseSpecificationImpl.statusCode(ResponseSpecificationImpl.groovy:126)
	at io.restassured.specification.ResponseSpecification$statusCode$0.callCurrent(Unknown Source)
	at io.restassured.internal.ResponseSpecificationImpl.statusCode(ResponseSpecificationImpl.groovy:134)
	at io.restassured.internal.ValidatableResponseOptionsImpl.statusCode(ValidatableResponseOptionsImpl.java:89)
	at io.restassured.internal.ValidatableResponseImpl.super$2$statusCode(ValidatableResponseImpl.groovy)
	at groovy.lang.MetaMethod.doMethodInvoke(MetaMethod.java:323)
	at groovy.lang.MetaClassImpl.invokeMethod(MetaClassImpl.java:1217)
	at org.codehaus.groovy.runtime.ScriptBytecodeAdapter.invokeMethodOnSuperN(ScriptBytecodeAdapter.java:144)
	at io.restassured.internal.ValidatableResponseImpl.statusCode(ValidatableResponseImpl.groovy:142)
	at io.restassured.internal.ValidatableResponseImpl.statusCode(ValidatableResponseImpl.groovy)
	at Utilities.ValidateResponse.ValidateStatusCodeBadRequest(ValidateResponse.java:59)
	at API_InvalidTest.JenkinsTransactionStore_InvalidTest.FindAJenkinsTransaction_QueryParamterEmpty_InvalidTest(JenkinsTransactionStore_InvalidTest.java:24)
	at java.base/java.util.ArrayList.forEach(ArrayList.java:1507)
... Removed 43 stack frames
</div> <!-- stack-trace -->
                </div> <!-- method-content -->
              </div> <!-- method -->
            </div> <!-- main-panel-content rounded-window-bottom -->
          </div> <!-- suite-SMBC_APITesting_RegressionSuite-class-failed -->
          <div class="suite-SMBC_APITesting_RegressionSuite-class-failed">
            <div class="main-panel-header rounded-window-top">
              <img src="failed.png"/>
              <span class="class-name">API_HappyPathTest.JenkinsTransactionStore_HappyPathTest</span>
            </div> <!-- main-panel-header rounded-window-top -->
            <div class="main-panel-content rounded-window-bottom">
              <div class="method">
                <div class="method-content">
                  <a name="CancelAJenkinsTransaction_QueryParameterNotEmpty_HappyPath">
                  </a> <!-- CancelAJenkinsTransaction_QueryParameterNotEmpty_HappyPath -->
                  <span class="method-name">CancelAJenkinsTransaction_QueryParameterNotEmpty_HappyPath</span>
                  <div class="stack-trace">java.lang.AssertionError: 1 expectation failed.
Expected status code &lt;200&gt; but was &lt;404&gt;.

	at org.codehaus.groovy.runtime.callsite.ConstructorSite$ConstructorSiteNoUnwrap.callConstructor(ConstructorSite.java:84)
	at org.codehaus.groovy.runtime.callsite.AbstractCallSite.callConstructor(AbstractCallSite.java:249)
	at io.restassured.internal.ResponseSpecificationImpl$HamcrestAssertionClosure.validate(ResponseSpecificationImpl.groovy:493)
	at io.restassured.internal.ResponseSpecificationImpl$HamcrestAssertionClosure$validate$1.call(Unknown Source)
	at io.restassured.internal.ResponseSpecificationImpl.validateResponseIfRequired(ResponseSpecificationImpl.groovy:674)
	at org.codehaus.groovy.runtime.callsite.PlainObjectMetaMethodSite.doInvoke(PlainObjectMetaMethodSite.java:43)
	at org.codehaus.groovy.runtime.callsite.PogoMetaMethodSite$PogoCachedMethodSiteNoUnwrapNoCoerce.invoke(PogoMetaMethodSite.java:190)
	at org.codehaus.groovy.runtime.callsite.PogoMetaMethodSite.callCurrent(PogoMetaMethodSite.java:58)
	at org.codehaus.groovy.runtime.callsite.AbstractCallSite.callCurrent(AbstractCallSite.java:168)
	at io.restassured.internal.ResponseSpecificationImpl.statusCode(ResponseSpecificationImpl.groovy:126)
	at io.restassured.specification.ResponseSpecification$statusCode$0.callCurrent(Unknown Source)
	at io.restassured.internal.ResponseSpecificationImpl.statusCode(ResponseSpecificationImpl.groovy:134)
	at io.restassured.internal.ValidatableResponseOptionsImpl.statusCode(ValidatableResponseOptionsImpl.java:89)
	at io.restassured.internal.ValidatableResponseImpl.super$2$statusCode(ValidatableResponseImpl.groovy)
	at groovy.lang.MetaMethod.doMethodInvoke(MetaMethod.java:323)
	at groovy.lang.MetaClassImpl.invokeMethod(MetaClassImpl.java:1217)
	at org.codehaus.groovy.runtime.ScriptBytecodeAdapter.invokeMethodOnSuperN(ScriptBytecodeAdapter.java:144)
	at io.restassured.internal.ValidatableResponseImpl.statusCode(ValidatableResponseImpl.groovy:142)
	at io.restassured.internal.ValidatableResponseImpl.statusCode(ValidatableResponseImpl.groovy)
	at Utilities.ValidateResponse.ValidateStatusCodeOK(ValidateResponse.java:26)
	at API_HappyPathTest.JenkinsTransactionStore_HappyPathTest.CancelAJenkinsTransaction_QueryParameterNotEmpty_HappyPath(JenkinsTransactionStore_HappyPathTest.java:63)
	at java.base/java.util.ArrayList.forEach(ArrayList.java:1507)
... Removed 43 stack frames
</div> <!-- stack-trace -->
                </div> <!-- method-content -->
              </div> <!-- method -->
              <div class="method">
                <div class="method-content">
                  <a name="FindAJenkinsTransaction_QueryParamterNotEmpty_HappyPath">
                  </a> <!-- FindAJenkinsTransaction_QueryParamterNotEmpty_HappyPath -->
                  <span class="method-name">FindAJenkinsTransaction_QueryParamterNotEmpty_HappyPath</span>
                  <div class="stack-trace">java.lang.AssertionError: 1 expectation failed.
Expected status code &lt;200&gt; but was &lt;404&gt;.

	at org.codehaus.groovy.runtime.callsite.ConstructorSite$ConstructorSiteNoUnwrap.callConstructor(ConstructorSite.java:84)
	at org.codehaus.groovy.runtime.callsite.AbstractCallSite.callConstructor(AbstractCallSite.java:249)
	at io.restassured.internal.ResponseSpecificationImpl$HamcrestAssertionClosure.validate(ResponseSpecificationImpl.groovy:493)
	at io.restassured.internal.ResponseSpecificationImpl$HamcrestAssertionClosure$validate$1.call(Unknown Source)
	at io.restassured.internal.ResponseSpecificationImpl.validateResponseIfRequired(ResponseSpecificationImpl.groovy:674)
	at org.codehaus.groovy.runtime.callsite.PlainObjectMetaMethodSite.doInvoke(PlainObjectMetaMethodSite.java:43)
	at org.codehaus.groovy.runtime.callsite.PogoMetaMethodSite$PogoCachedMethodSiteNoUnwrapNoCoerce.invoke(PogoMetaMethodSite.java:190)
	at org.codehaus.groovy.runtime.callsite.PogoMetaMethodSite.callCurrent(PogoMetaMethodSite.java:58)
	at org.codehaus.groovy.runtime.callsite.AbstractCallSite.callCurrent(AbstractCallSite.java:168)
	at io.restassured.internal.ResponseSpecificationImpl.statusCode(ResponseSpecificationImpl.groovy:126)
	at io.restassured.specification.ResponseSpecification$statusCode$0.callCurrent(Unknown Source)
	at io.restassured.internal.ResponseSpecificationImpl.statusCode(ResponseSpecificationImpl.groovy:134)
	at io.restassured.internal.ValidatableResponseOptionsImpl.statusCode(ValidatableResponseOptionsImpl.java:89)
	at io.restassured.internal.ValidatableResponseImpl.super$2$statusCode(ValidatableResponseImpl.groovy)
	at groovy.lang.MetaMethod.doMethodInvoke(MetaMethod.java:323)
	at groovy.lang.MetaClassImpl.invokeMethod(MetaClassImpl.java:1217)
	at org.codehaus.groovy.runtime.ScriptBytecodeAdapter.invokeMethodOnSuperN(ScriptBytecodeAdapter.java:144)
	at io.restassured.internal.ValidatableResponseImpl.statusCode(ValidatableResponseImpl.groovy:142)
	at io.restassured.internal.ValidatableResponseImpl.statusCode(ValidatableResponseImpl.groovy)
	at Utilities.ValidateResponse.ValidateStatusCodeOK(ValidateResponse.java:26)
	at API_HappyPathTest.JenkinsTransactionStore_HappyPathTest.FindAJenkinsTransaction_QueryParamterNotEmpty_HappyPath(JenkinsTransactionStore_HappyPathTest.java:43)
	at java.base/java.util.ArrayList.forEach(ArrayList.java:1507)
... Removed 43 stack frames
</div> <!-- stack-trace -->
                </div> <!-- method-content -->
              </div> <!-- method -->
              <div class="method">
                <div class="method-content">
                  <a name="GetAllCancelledScheduledJobs_HappyPathTest">
                  </a> <!-- GetAllCancelledScheduledJobs_HappyPathTest -->
                  <span class="method-name">GetAllCancelledScheduledJobs_HappyPathTest</span>
                  <div class="stack-trace">java.lang.AssertionError: 1 expectation failed.
Expected status code &lt;200&gt; but was &lt;404&gt;.

	at org.codehaus.groovy.runtime.callsite.ConstructorSite$ConstructorSiteNoUnwrap.callConstructor(ConstructorSite.java:84)
	at org.codehaus.groovy.runtime.callsite.AbstractCallSite.callConstructor(AbstractCallSite.java:249)
	at io.restassured.internal.ResponseSpecificationImpl$HamcrestAssertionClosure.validate(ResponseSpecificationImpl.groovy:493)
	at io.restassured.internal.ResponseSpecificationImpl$HamcrestAssertionClosure$validate$1.call(Unknown Source)
	at io.restassured.internal.ResponseSpecificationImpl.validateResponseIfRequired(ResponseSpecificationImpl.groovy:674)
	at org.codehaus.groovy.runtime.callsite.PlainObjectMetaMethodSite.doInvoke(PlainObjectMetaMethodSite.java:43)
	at org.codehaus.groovy.runtime.callsite.PogoMetaMethodSite$PogoCachedMethodSiteNoUnwrapNoCoerce.invoke(PogoMetaMethodSite.java:190)
	at org.codehaus.groovy.runtime.callsite.PogoMetaMethodSite.callCurrent(PogoMetaMethodSite.java:58)
	at org.codehaus.groovy.runtime.callsite.AbstractCallSite.callCurrent(AbstractCallSite.java:168)
	at io.restassured.internal.ResponseSpecificationImpl.statusCode(ResponseSpecificationImpl.groovy:126)
	at io.restassured.specification.ResponseSpecification$statusCode$0.callCurrent(Unknown Source)
	at io.restassured.internal.ResponseSpecificationImpl.statusCode(ResponseSpecificationImpl.groovy:134)
	at io.restassured.internal.ValidatableResponseOptionsImpl.statusCode(ValidatableResponseOptionsImpl.java:89)
	at io.restassured.internal.ValidatableResponseImpl.super$2$statusCode(ValidatableResponseImpl.groovy)
	at groovy.lang.MetaMethod.doMethodInvoke(MetaMethod.java:323)
	at groovy.lang.MetaClassImpl.invokeMethod(MetaClassImpl.java:1217)
	at org.codehaus.groovy.runtime.ScriptBytecodeAdapter.invokeMethodOnSuperN(ScriptBytecodeAdapter.java:144)
	at io.restassured.internal.ValidatableResponseImpl.statusCode(ValidatableResponseImpl.groovy:142)
	at io.restassured.internal.ValidatableResponseImpl.statusCode(ValidatableResponseImpl.groovy)
	at Utilities.ValidateResponse.ValidateStatusCodeOK(ValidateResponse.java:26)
	at API_HappyPathTest.JenkinsTransactionStore_HappyPathTest.GetAllCancelledScheduledJobs_HappyPathTest(JenkinsTransactionStore_HappyPathTest.java:101)
	at java.base/java.util.ArrayList.forEach(ArrayList.java:1507)
... Removed 43 stack frames
</div> <!-- stack-trace -->
                </div> <!-- method-content -->
              </div> <!-- method -->
              <div class="method">
                <div class="method-content">
                  <a name="GetAllJenkinsTransaction_HappyPath">
                  </a> <!-- GetAllJenkinsTransaction_HappyPath -->
                  <span class="method-name">GetAllJenkinsTransaction_HappyPath</span>
                  <div class="stack-trace">java.lang.AssertionError: 1 expectation failed.
Expected status code &lt;200&gt; but was &lt;404&gt;.

	at org.codehaus.groovy.runtime.callsite.ConstructorSite$ConstructorSiteNoUnwrap.callConstructor(ConstructorSite.java:84)
	at org.codehaus.groovy.runtime.callsite.AbstractCallSite.callConstructor(AbstractCallSite.java:249)
	at io.restassured.internal.ResponseSpecificationImpl$HamcrestAssertionClosure.validate(ResponseSpecificationImpl.groovy:493)
	at io.restassured.internal.ResponseSpecificationImpl$HamcrestAssertionClosure$validate$1.call(Unknown Source)
	at io.restassured.internal.ResponseSpecificationImpl.validateResponseIfRequired(ResponseSpecificationImpl.groovy:674)
	at org.codehaus.groovy.runtime.callsite.PlainObjectMetaMethodSite.doInvoke(PlainObjectMetaMethodSite.java:43)
	at org.codehaus.groovy.runtime.callsite.PogoMetaMethodSite$PogoCachedMethodSiteNoUnwrapNoCoerce.invoke(PogoMetaMethodSite.java:190)
	at org.codehaus.groovy.runtime.callsite.PogoMetaMethodSite.callCurrent(PogoMetaMethodSite.java:58)
	at org.codehaus.groovy.runtime.callsite.AbstractCallSite.callCurrent(AbstractCallSite.java:168)
	at io.restassured.internal.ResponseSpecificationImpl.statusCode(ResponseSpecificationImpl.groovy:126)
	at io.restassured.specification.ResponseSpecification$statusCode$0.callCurrent(Unknown Source)
	at io.restassured.internal.ResponseSpecificationImpl.statusCode(ResponseSpecificationImpl.groovy:134)
	at io.restassured.internal.ValidatableResponseOptionsImpl.statusCode(ValidatableResponseOptionsImpl.java:89)
	at io.restassured.internal.ValidatableResponseImpl.super$2$statusCode(ValidatableResponseImpl.groovy)
	at groovy.lang.MetaMethod.doMethodInvoke(MetaMethod.java:323)
	at groovy.lang.MetaClassImpl.invokeMethod(MetaClassImpl.java:1217)
	at org.codehaus.groovy.runtime.ScriptBytecodeAdapter.invokeMethodOnSuperN(ScriptBytecodeAdapter.java:144)
	at io.restassured.internal.ValidatableResponseImpl.statusCode(ValidatableResponseImpl.groovy:142)
	at io.restassured.internal.ValidatableResponseImpl.statusCode(ValidatableResponseImpl.groovy)
	at Utilities.ValidateResponse.ValidateStatusCodeOK(ValidateResponse.java:26)
	at API_HappyPathTest.JenkinsTransactionStore_HappyPathTest.GetAllJenkinsTransaction_HappyPath(JenkinsTransactionStore_HappyPathTest.java:31)
	at java.base/java.util.ArrayList.forEach(ArrayList.java:1507)
... Removed 43 stack frames
</div> <!-- stack-trace -->
                </div> <!-- method-content -->
              </div> <!-- method -->
              <div class="method">
                <div class="method-content">
                  <a name="InsertJenkinsTransaction_HappyPath">
                  </a> <!-- InsertJenkinsTransaction_HappyPath -->
                  <span class="method-name">InsertJenkinsTransaction_HappyPath</span>
                  <div class="stack-trace">java.lang.AssertionError: 1 expectation failed.
Expected status code &lt;201&gt; but was &lt;404&gt;.

	at org.codehaus.groovy.runtime.callsite.ConstructorSite$ConstructorSiteNoUnwrap.callConstructor(ConstructorSite.java:84)
	at org.codehaus.groovy.runtime.callsite.CallSiteArray.defaultCallConstructor(CallSiteArray.java:59)
	at org.codehaus.groovy.runtime.callsite.AbstractCallSite.callConstructor(AbstractCallSite.java:237)
	at org.codehaus.groovy.runtime.callsite.AbstractCallSite.callConstructor(AbstractCallSite.java:249)
	at io.restassured.internal.ResponseSpecificationImpl$HamcrestAssertionClosure.validate(ResponseSpecificationImpl.groovy:493)
	at io.restassured.internal.ResponseSpecificationImpl$HamcrestAssertionClosure$validate$1.call(Unknown Source)
	at io.restassured.internal.ResponseSpecificationImpl.validateResponseIfRequired(ResponseSpecificationImpl.groovy:674)
	at org.codehaus.groovy.runtime.callsite.PlainObjectMetaMethodSite.doInvoke(PlainObjectMetaMethodSite.java:43)
	at org.codehaus.groovy.runtime.callsite.PogoMetaMethodSite$PogoCachedMethodSiteNoUnwrapNoCoerce.invoke(PogoMetaMethodSite.java:190)
	at org.codehaus.groovy.runtime.callsite.PogoMetaMethodSite.callCurrent(PogoMetaMethodSite.java:58)
	at org.codehaus.groovy.runtime.callsite.AbstractCallSite.callCurrent(AbstractCallSite.java:168)
	at io.restassured.internal.ResponseSpecificationImpl.statusCode(ResponseSpecificationImpl.groovy:126)
	at io.restassured.specification.ResponseSpecification$statusCode$0.callCurrent(Unknown Source)
	at io.restassured.internal.ResponseSpecificationImpl.statusCode(ResponseSpecificationImpl.groovy:134)
	at io.restassured.internal.ValidatableResponseOptionsImpl.statusCode(ValidatableResponseOptionsImpl.java:89)
	at io.restassured.internal.ValidatableResponseImpl.super$2$statusCode(ValidatableResponseImpl.groovy)
	at groovy.lang.MetaMethod.doMethodInvoke(MetaMethod.java:323)
	at groovy.lang.MetaClassImpl.invokeMethod(MetaClassImpl.java:1217)
	at org.codehaus.groovy.runtime.ScriptBytecodeAdapter.invokeMethodOnSuperN(ScriptBytecodeAdapter.java:144)
	at io.restassured.internal.ValidatableResponseImpl.statusCode(ValidatableResponseImpl.groovy:142)
	at io.restassured.internal.ValidatableResponseImpl.statusCode(ValidatableResponseImpl.groovy)
	at Utilities.ValidateResponse.ValidateStatusCodeCreated(ValidateResponse.java:42)
	at API_HappyPathTest.JenkinsTransactionStore_HappyPathTest.InsertJenkinsTransaction_HappyPath(JenkinsTransactionStore_HappyPathTest.java:22)
	at java.base/java.util.ArrayList.forEach(ArrayList.java:1507)
... Removed 43 stack frames
</div> <!-- stack-trace -->
                </div> <!-- method-content -->
              </div> <!-- method -->
              <div class="method">
                <div class="method-content">
                  <a name="UpdateCatalog_HappyPath">
                  </a> <!-- UpdateCatalog_HappyPath -->
                  <span class="method-name">UpdateCatalog_HappyPath</span>
                  <div class="stack-trace">java.lang.AssertionError: 1 expectation failed.
Expected status code &lt;200&gt; but was &lt;500&gt;.

	at org.codehaus.groovy.runtime.callsite.ConstructorSite$ConstructorSiteNoUnwrap.callConstructor(ConstructorSite.java:84)
	at org.codehaus.groovy.runtime.callsite.AbstractCallSite.callConstructor(AbstractCallSite.java:249)
	at io.restassured.internal.ResponseSpecificationImpl$HamcrestAssertionClosure.validate(ResponseSpecificationImpl.groovy:493)
	at io.restassured.internal.ResponseSpecificationImpl$HamcrestAssertionClosure$validate$1.call(Unknown Source)
	at io.restassured.internal.ResponseSpecificationImpl.validateResponseIfRequired(ResponseSpecificationImpl.groovy:674)
	at org.codehaus.groovy.runtime.callsite.PlainObjectMetaMethodSite.doInvoke(PlainObjectMetaMethodSite.java:43)
	at org.codehaus.groovy.runtime.callsite.PogoMetaMethodSite$PogoCachedMethodSiteNoUnwrapNoCoerce.invoke(PogoMetaMethodSite.java:190)
	at org.codehaus.groovy.runtime.callsite.PogoMetaMethodSite.callCurrent(PogoMetaMethodSite.java:58)
	at org.codehaus.groovy.runtime.callsite.AbstractCallSite.callCurrent(AbstractCallSite.java:168)
	at io.restassured.internal.ResponseSpecificationImpl.statusCode(ResponseSpecificationImpl.groovy:126)
	at io.restassured.specification.ResponseSpecification$statusCode$0.callCurrent(Unknown Source)
	at io.restassured.internal.ResponseSpecificationImpl.statusCode(ResponseSpecificationImpl.groovy:134)
	at io.restassured.internal.ValidatableResponseOptionsImpl.statusCode(ValidatableResponseOptionsImpl.java:89)
	at io.restassured.internal.ValidatableResponseImpl.super$2$statusCode(ValidatableResponseImpl.groovy)
	at groovy.lang.MetaMethod.doMethodInvoke(MetaMethod.java:323)
	at groovy.lang.MetaClassImpl.invokeMethod(MetaClassImpl.java:1217)
	at org.codehaus.groovy.runtime.ScriptBytecodeAdapter.invokeMethodOnSuperN(ScriptBytecodeAdapter.java:144)
	at io.restassured.internal.ValidatableResponseImpl.statusCode(ValidatableResponseImpl.groovy:142)
	at io.restassured.internal.ValidatableResponseImpl.statusCode(ValidatableResponseImpl.groovy)
	at Utilities.ValidateResponse.ValidateStatusCodeOK(ValidateResponse.java:26)
	at API_HappyPathTest.JenkinsTransactionStore_HappyPathTest.UpdateCatalog_HappyPath(JenkinsTransactionStore_HappyPathTest.java:72)
	at java.base/java.util.ArrayList.forEach(ArrayList.java:1507)
... Removed 43 stack frames
</div> <!-- stack-trace -->
                </div> <!-- method-content -->
              </div> <!-- method -->
            </div> <!-- main-panel-content rounded-window-bottom -->
          </div> <!-- suite-SMBC_APITesting_RegressionSuite-class-failed -->
          <div class="suite-SMBC_APITesting_RegressionSuite-class-passed">
            <div class="main-panel-header rounded-window-top">
              <img src="passed.png"/>
              <span class="class-name">API_HappyPathTest.JenkinsTransactionStore_HappyPathTest</span>
            </div> <!-- main-panel-header rounded-window-top -->
            <div class="main-panel-content rounded-window-bottom">
              <div class="method">
                <div class="method-content">
                  <a name="DeleteAJenkinsTransaction_QueryParameterNotEmpty_HappyPath">
                  </a> <!-- DeleteAJenkinsTransaction_QueryParameterNotEmpty_HappyPath -->
                  <span class="method-name">DeleteAJenkinsTransaction_QueryParameterNotEmpty_HappyPath</span>
                </div> <!-- method-content -->
              </div> <!-- method -->
              <div class="method">
                <div class="method-content">
                  <a name="GetAllPendingScheduledJobs_HappyPathTest">
                  </a> <!-- GetAllPendingScheduledJobs_HappyPathTest -->
                  <span class="method-name">GetAllPendingScheduledJobs_HappyPathTest</span>
                </div> <!-- method-content -->
              </div> <!-- method -->
              <div class="method">
                <div class="method-content">
                  <a name="GeyAllUpdatedScheduledJobs_HappyPathTest">
                  </a> <!-- GeyAllUpdatedScheduledJobs_HappyPathTest -->
                  <span class="method-name">GeyAllUpdatedScheduledJobs_HappyPathTest</span>
                </div> <!-- method-content -->
              </div> <!-- method -->
            </div> <!-- main-panel-content rounded-window-bottom -->
          </div> <!-- suite-SMBC_APITesting_RegressionSuite-class-passed -->
        </div> <!-- panel SMBC_APITesting_RegressionSuite -->
        <div panel-name="test-xml-SMBC_APITesting_RegressionSuite" class="panel">
          <div class="main-panel-header rounded-window-top">
            <span class="header-content">C:\Users\omkar.jadhav\Desktop\Omkar Backup\D Drive\DD\NAPL_DD_Fixed Capacity\APIAutomation\SMBCAPIAutomation\testng.xml</span>
          </div> <!-- main-panel-header rounded-window-top -->
          <div class="main-panel-content rounded-window-bottom">
            <pre>
&lt;?xml version=&quot;1.0&quot; encoding=&quot;UTF-8&quot;?&gt;
&lt;!DOCTYPE suite SYSTEM &quot;https://testng.org/testng-1.0.dtd&quot;&gt;
&lt;suite name=&quot;SMBC_APITesting_RegressionSuite&quot; guice-stage=&quot;DEVELOPMENT&quot;&gt;
  &lt;test thread-count=&quot;5&quot; name=&quot;APIAutomation_TestCases&quot;&gt;
    &lt;classes&gt;
      &lt;class name=&quot;API_HappyPathTest.JenkinsTransactionStore_HappyPathTest&quot;/&gt;
      &lt;class name=&quot;API_InvalidTest.JenkinsTransactionStore_InvalidTest&quot;/&gt;
    &lt;/classes&gt;
  &lt;/test&gt; &lt;!-- APIAutomation_TestCases --&gt;
&lt;/suite&gt; &lt;!-- SMBC_APITesting_RegressionSuite --&gt;
            </pre>
          </div> <!-- main-panel-content rounded-window-bottom -->
        </div> <!-- panel -->
        <div panel-name="testlist-SMBC_APITesting_RegressionSuite" class="panel">
          <div class="main-panel-header rounded-window-top">
            <span class="header-content">Tests for SMBC_APITesting_RegressionSuite</span>
          </div> <!-- main-panel-header rounded-window-top -->
          <div class="main-panel-content rounded-window-bottom">
            <ul>
              <li>
                <span class="test-name">APIAutomation_TestCases (2 classes)</span>
              </li>
            </ul>
          </div> <!-- main-panel-content rounded-window-bottom -->
        </div> <!-- panel -->
        <div panel-name="group-SMBC_APITesting_RegressionSuite" class="panel">
          <div class="main-panel-header rounded-window-top">
            <span class="header-content">Groups for SMBC_APITesting_RegressionSuite</span>
          </div> <!-- main-panel-header rounded-window-top -->
          <div class="main-panel-content rounded-window-bottom">
          </div> <!-- main-panel-content rounded-window-bottom -->
        </div> <!-- panel -->
        <div panel-name="times-SMBC_APITesting_RegressionSuite" class="panel">
          <div class="main-panel-header rounded-window-top">
            <span class="header-content">Times for SMBC_APITesting_RegressionSuite</span>
          </div> <!-- main-panel-header rounded-window-top -->
          <div class="main-panel-content rounded-window-bottom">
            <div class="times-div">
              <script type="text/javascript">
suiteTableInitFunctions.push('tableData_SMBC_APITesting_RegressionSuite');
function tableData_SMBC_APITesting_RegressionSuite() {
var data = new google.visualization.DataTable();
data.addColumn('number', 'Number');
data.addColumn('string', 'Method');
data.addColumn('string', 'Class');
data.addColumn('number', 'Time (ms)');
data.addRows(10);
data.setCell(0, 0, 0)
data.setCell(0, 1, 'UpdateCatalog_HappyPath')
data.setCell(0, 2, 'API_HappyPathTest.JenkinsTransactionStore_HappyPathTest')
data.setCell(0, 3, 22594);
data.setCell(1, 0, 1)
data.setCell(1, 1, 'DeleteAJenkinsTransaction_QueryParameterNotEmpty_HappyPath')
data.setCell(1, 2, 'API_HappyPathTest.JenkinsTransactionStore_HappyPathTest')
data.setCell(1, 3, 9359);
data.setCell(2, 0, 2)
data.setCell(2, 1, 'GeyAllUpdatedScheduledJobs_HappyPathTest')
data.setCell(2, 2, 'API_HappyPathTest.JenkinsTransactionStore_HappyPathTest')
data.setCell(2, 3, 1632);
data.setCell(3, 0, 3)
data.setCell(3, 1, 'GetAllPendingScheduledJobs_HappyPathTest')
data.setCell(3, 2, 'API_HappyPathTest.JenkinsTransactionStore_HappyPathTest')
data.setCell(3, 3, 1617);
data.setCell(4, 0, 4)
data.setCell(4, 1, 'InsertJenkinsTransaction_HappyPath')
data.setCell(4, 2, 'API_HappyPathTest.JenkinsTransactionStore_HappyPathTest')
data.setCell(4, 3, 1374);
data.setCell(5, 0, 5)
data.setCell(5, 1, 'CancelAJenkinsTransaction_QueryParameterNotEmpty_HappyPath')
data.setCell(5, 2, 'API_HappyPathTest.JenkinsTransactionStore_HappyPathTest')
data.setCell(5, 3, 1320);
data.setCell(6, 0, 6)
data.setCell(6, 1, 'GetAllJenkinsTransaction_HappyPath')
data.setCell(6, 2, 'API_HappyPathTest.JenkinsTransactionStore_HappyPathTest')
data.setCell(6, 3, 1303);
data.setCell(7, 0, 7)
data.setCell(7, 1, 'FindAJenkinsTransaction_QueryParamterEmpty_InvalidTest')
data.setCell(7, 2, 'API_InvalidTest.JenkinsTransactionStore_InvalidTest')
data.setCell(7, 3, 1297);
data.setCell(8, 0, 8)
data.setCell(8, 1, 'FindAJenkinsTransaction_QueryParamterNotEmpty_HappyPath')
data.setCell(8, 2, 'API_HappyPathTest.JenkinsTransactionStore_HappyPathTest')
data.setCell(8, 3, 1297);
data.setCell(9, 0, 9)
data.setCell(9, 1, 'GetAllCancelledScheduledJobs_HappyPathTest')
data.setCell(9, 2, 'API_HappyPathTest.JenkinsTransactionStore_HappyPathTest')
data.setCell(9, 3, 1255);
window.suiteTableData['SMBC_APITesting_RegressionSuite']= { tableData: data, tableDiv: 'times-div-SMBC_APITesting_RegressionSuite'}
return data;
}
              </script>
              <span class="suite-total-time">Total running time: 43 seconds</span>
              <div id="times-div-SMBC_APITesting_RegressionSuite">
              </div> <!-- times-div-SMBC_APITesting_RegressionSuite -->
            </div> <!-- times-div -->
          </div> <!-- main-panel-content rounded-window-bottom -->
        </div> <!-- panel -->
        <div panel-name="reporter-SMBC_APITesting_RegressionSuite" class="panel">
          <div class="main-panel-header rounded-window-top">
            <span class="header-content">Reporter output for SMBC_APITesting_RegressionSuite</span>
          </div> <!-- main-panel-header rounded-window-top -->
          <div class="main-panel-content rounded-window-bottom">
          </div> <!-- main-panel-content rounded-window-bottom -->
        </div> <!-- panel -->
        <div panel-name="ignored-methods-SMBC_APITesting_RegressionSuite" class="panel">
          <div class="main-panel-header rounded-window-top">
            <span class="header-content">0 ignored methods</span>
          </div> <!-- main-panel-header rounded-window-top -->
          <div class="main-panel-content rounded-window-bottom">
          </div> <!-- main-panel-content rounded-window-bottom -->
        </div> <!-- panel -->
        <div panel-name="chronological-SMBC_APITesting_RegressionSuite" class="panel">
          <div class="main-panel-header rounded-window-top">
            <span class="header-content">Methods in chronological order</span>
          </div> <!-- main-panel-header rounded-window-top -->
          <div class="main-panel-content rounded-window-bottom">
            <div class="chronological-class">
              <div class="chronological-class-name">API_HappyPathTest.JenkinsTransactionStore_HappyPathTest</div> <!-- chronological-class-name -->
              <div class="configuration-test before">
                <span class="method-name">ReportGeneration</span>
                <span class="method-start">0 ms</span>
              </div> <!-- configuration-test before -->
            </div> <!-- chronological-class -->
            <div class="chronological-class">
              <div class="chronological-class-name">API_InvalidTest.JenkinsTransactionStore_InvalidTest</div> <!-- chronological-class-name -->
              <div class="configuration-test before">
                <span class="method-name">ReportGeneration</span>
                <span class="method-start">156 ms</span>
              </div> <!-- configuration-test before -->
            </div> <!-- chronological-class -->
            <div class="chronological-class">
              <div class="chronological-class-name">API_HappyPathTest.JenkinsTransactionStore_HappyPathTest</div> <!-- chronological-class-name -->
              <div class="test-method">
                <span class="method-name">DeleteAJenkinsTransaction_QueryParameterNotEmpty_HappyPath</span>
                <span class="method-start">179 ms</span>
              </div> <!-- test-method -->
              <div class="configuration-method after">
                <span class="method-name">flushExtReport</span>
                <span class="method-start">9540 ms</span>
              </div> <!-- configuration-method after -->
              <div class="test-method">
                <img src="failed.png">
                </img>
                <span class="method-name">InsertJenkinsTransaction_HappyPath</span>
                <span class="method-start">9766 ms</span>
              </div> <!-- test-method -->
              <div class="configuration-method after">
                <span class="method-name">flushExtReport</span>
                <span class="method-start">11146 ms</span>
              </div> <!-- configuration-method after -->
              <div class="test-method">
                <img src="failed.png">
                </img>
                <span class="method-name">GetAllJenkinsTransaction_HappyPath</span>
                <span class="method-start">11189 ms</span>
              </div> <!-- test-method -->
              <div class="configuration-method after">
                <span class="method-name">flushExtReport</span>
                <span class="method-start">12501 ms</span>
              </div> <!-- configuration-method after -->
              <div class="test-method">
                <img src="failed.png">
                </img>
                <span class="method-name">FindAJenkinsTransaction_QueryParamterNotEmpty_HappyPath</span>
                <span class="method-start">12561 ms</span>
              </div> <!-- test-method -->
              <div class="configuration-method after">
                <span class="method-name">flushExtReport</span>
                <span class="method-start">13865 ms</span>
              </div> <!-- configuration-method after -->
              <div class="test-method">
                <img src="failed.png">
                </img>
                <span class="method-name">CancelAJenkinsTransaction_QueryParameterNotEmpty_HappyPath</span>
                <span class="method-start">13930 ms</span>
              </div> <!-- test-method -->
              <div class="configuration-method after">
                <span class="method-name">flushExtReport</span>
                <span class="method-start">15258 ms</span>
              </div> <!-- configuration-method after -->
              <div class="test-method">
                <img src="failed.png">
                </img>
                <span class="method-name">UpdateCatalog_HappyPath</span>
                <span class="method-start">15316 ms</span>
              </div> <!-- test-method -->
              <div class="configuration-method after">
                <span class="method-name">flushExtReport</span>
                <span class="method-start">37916 ms</span>
              </div> <!-- configuration-method after -->
              <div class="test-method">
                <span class="method-name">GetAllPendingScheduledJobs_HappyPathTest</span>
                <span class="method-start">37988 ms</span>
              </div> <!-- test-method -->
              <div class="configuration-method after">
                <span class="method-name">flushExtReport</span>
                <span class="method-start">39608 ms</span>
              </div> <!-- configuration-method after -->
              <div class="test-method">
                <span class="method-name">GeyAllUpdatedScheduledJobs_HappyPathTest</span>
                <span class="method-start">39682 ms</span>
              </div> <!-- test-method -->
              <div class="configuration-method after">
                <span class="method-name">flushExtReport</span>
                <span class="method-start">41316 ms</span>
              </div> <!-- configuration-method after -->
              <div class="test-method">
                <img src="failed.png">
                </img>
                <span class="method-name">GetAllCancelledScheduledJobs_HappyPathTest</span>
                <span class="method-start">41382 ms</span>
              </div> <!-- test-method -->
              <div class="configuration-method after">
                <span class="method-name">flushExtReport</span>
                <span class="method-start">42643 ms</span>
              </div> <!-- configuration-method after -->
            </div> <!-- chronological-class -->
            <div class="chronological-class">
              <div class="chronological-class-name">API_InvalidTest.JenkinsTransactionStore_InvalidTest</div> <!-- chronological-class-name -->
              <div class="test-method">
                <img src="failed.png">
                </img>
                <span class="method-name">FindAJenkinsTransaction_QueryParamterEmpty_InvalidTest</span>
                <span class="method-start">42707 ms</span>
              </div> <!-- test-method -->
              <div class="configuration-method after">
                <span class="method-name">flushExtReport</span>
                <span class="method-start">44010 ms</span>
              </div> <!-- configuration-method after -->
              <div class="configuration-suite after">
                <span class="method-name">email</span>
                <span class="method-start">44124 ms</span>
              </div> <!-- configuration-suite after -->
          </div> <!-- main-panel-content rounded-window-bottom -->
        </div> <!-- panel -->
      </div> <!-- main-panel-root -->
    </div> <!-- wrapper -->
  </body>
</html>
